{"name": "test_check_section_scoters", "status": "failed", "statusDetails": {"message": "AssertionError: assert '' == 'Пока что у н...ин за другим.'\n  \n  - Пока что у нас так: один заказ — один самокат. Если хотите покататься с друзьями, можете просто сделать несколько заказов — один за другим.", "trace": "self = <test_open_questions_important.TestSectionScoters object at 0x1065a6810>\n\n    def test_check_section_scoters(self):\n        # перешли на страницу тестового приложения\n        self.driver.get('https://qa-scooter.praktikum-services.ru/')\n    \n        # Объект класса раздела \"Сколько стоит\"\n        section_page = SomeScooters(self.driver)\n    \n        # Дожидаемся загрузки раздела \"Сколько стоит\"\n        section_page.wait_for_load_scoters()\n    \n        # Прокручиваем страницу\n        section_page.scroll_page_for_live()\n    \n        # Кликаем по кукам\n        section_page.click_cokies_now()\n    \n        # Кликаем по разделу \"Самокаты_шмамокаты\"\n        section_page.click_some_scoters()\n    \n        # Получаем текст из выпадающего раздела\n        open_section = section_page.get_text_section_scoters()\n    \n        # Делаем проверку раздела \"Сколько стоит\"\n>       assert open_section == \"Пока что у нас так: один заказ — один самокат. Если хотите покататься с друзьями, можете просто сделать несколько заказов — один за другим.\"\nE       AssertionError: assert '' == 'Пока что у н...ин за другим.'\nE         \nE         - Пока что у нас так: один заказ — один самокат. Если хотите покататься с друзьями, можете просто сделать несколько заказов — один за другим.\n\ntests/test_open_questions_important.py:77: AssertionError"}, "start": 1724239492339, "stop": 1724239494719, "uuid": "6e7563c7-9d7c-4215-a31b-5760e454f29d", "historyId": "315b054a9da0cc5449e88d99c923d323", "testCaseId": "315b054a9da0cc5449e88d99c923d323", "fullName": "tests.test_open_questions_important.TestSectionScoters#test_check_section_scoters", "labels": [{"name": "parentSuite", "value": "tests"}, {"name": "suite", "value": "test_open_questions_important"}, {"name": "subSuite", "value": "TestSectionScoters"}, {"name": "host", "value": "tiger-2-osx"}, {"name": "thread", "value": "44035-MainThread"}, {"name": "framework", "value": "pytest"}, {"name": "language", "value": "cpython3"}, {"name": "package", "value": "tests.test_open_questions_important"}]}